
TDB715700 000:000 SEGGER J-Link V4.80 Log File (0000ms, 0000ms total)
TDB715700 000:000 DLL Compiled: Dec 20 2013 19:40:51 (0000ms, 0000ms total)
TDB715700 000:000 Logging started @ 2014-04-02 17:52 (0001ms, 0001ms total)
TDB715700 000:001 JLINK_SetWarnOutHandler(...) (0000ms, 0001ms total)
TDB715700 000:001 JLINK_SelectUSB(Port = 0)  returns 0x00 (0000ms, 0001ms total)
TDB715700 000:001 JLINK_OpenEx(...)
Firmware: J-Link ARM V8 compiled Nov 25 2013 19:20:08
Hardware: V8.00
S/N: 270676280
Feature(s): RDI,FlashDL,FlashBP,JFlash,GDBFULL  returns O.K. (0007ms, 0008ms total)
TDB715700 000:008 JLINK_SetErrorOutHandler(...) (0000ms, 0008ms total)
TDB715700 000:008 JLINK_EnableLog(...) (0000ms, 0008ms total)
TDB715700 000:008 JLINK_SetInitRegsOnReset(OFF)  returns 0x01 (0000ms, 0008ms total)
TDB715700 000:008 JLINK_GetDLLVersion()  returns 48000 (0000ms, 0008ms total)
TDB715700 000:008 JLINK_GetCompileDateTime() (0000ms, 0008ms total)
TDB715700 000:008 JLINK_GetFirmwareString(...) (0000ms, 0008ms total)
TDB715700 000:008 JLINK_GetHardwareVersion()  returns 0x13880 (0000ms, 0008ms total)
TDB715700 000:008 JLINK_EMU_HasCapEx(0x00000026)  returns 0x00 (0000ms, 0008ms total)
TDB715700 000:008 JLINK_EMU_GetProductId() (0000ms, 0008ms total)
TDB715700 000:008 JLINK_GetHardwareVersion()  returns 0x13880 (0000ms, 0008ms total)
TDB715700 000:008 JLINK_GetFirmwareString(...) (0000ms, 0008ms total)
TDB715700 000:008 JLINK_GetEmuCaps()  returns 0xB9FF7BBF (0000ms, 0008ms total)
TDB715700 000:008 JLINK_GetEmuCaps()  returns 0xB9FF7BBF (0000ms, 0008ms total)
TDB715700 000:008 JLINK_GetHWStatus(...)  returns 0x00 (0000ms, 0008ms total)
TDB715700 000:008 JLINK_SetSpeed(100) (0001ms, 0009ms total)
TDB715700 000:009 JLINK_GetEmuCaps()  returns 0xB9FF7BBF (0000ms, 0009ms total)
TDB715700 000:009 JLINK_TIF_GetAvailable(...) (0000ms, 0009ms total)
TDB715700 000:009 JLINK_Connect() >0x2F8 JTAG>TotalIRLen = 4, IRPrint = 0x01 >0x30 JTAG> >0x210 JTAG> >0x70 JTAG> >0x40 JTAG> >0x40 JTAG> >0x40 JTAG> >0x48 JTAG> >0x78 JTAG> >0x40 JTAG> >0x30 JTAG> >0x40 JTAG> >0x40 JTAG> >0x30 JTAG> >0x40 JTAG> >0x48 JTAG>Found Cortex-M4 r0p1, Little endian. -- CPU_WriteMem(4 bytes @ 0xE0002000) -- CPU_ReadMem(4 bytes @ 0xE000EDF0) -- CPU_WriteMem(4 bytes @ 0xE000EDF0) -- CPU_ReadMem(4 bytes @ 0xE0002000)FPUnit: 6 code (BP) slots and 2 literal slots
 -- CPU_ReadMem(4 bytes @ 0xE000EDFC) -- CPU_WriteMem(4 bytes @ 0xE000EDFC) -- CPU_ReadMem(4 bytes @ 0xE0001000) -- CPU_WriteMem(4 bytes @ 0xE0001000) -- CPU_ReadMem(4 bytes @ 0xE00FF010)TPIU fitted. -- CPU_ReadMem(4 bytes @ 0xE00FF014)ETM fitted. -- CPU_ReadMem(4 bytes @ 0xE00FF018) -- CPU_ReadMem(4 bytes @ 0xE0042FE0) -- CPU_ReadMem(4 bytes @ 0xE0042FE4)ETB present. -- CPU_ReadMem(4 bytes @ 0xE00FF01C) -- CPU_ReadMem(4 bytes @ 0xE0043FE0) -- CPU_ReadMem(4 bytes @ 0xE0043FE4)CSTF present.
 -- CPU_ReadMem(4 bytes @ 0xE00FF020)  returns 0x00 (0023ms, 0032ms total)
TDB715700 000:032 JLINK_GetIdData(...) ScanLen=4 NumDevices=1 aId[0]=0x4BA00477 aIrRead[0]=0 aScanLen[0]=0 aScanRead[0]=0 (0000ms, 0032ms total)
TDB715700 000:032 JLINK_JTAG_GetDeviceID(DeviceIndex = 0)  returns 0x4BA00477 (0000ms, 0032ms total)
TDB715700 000:032 JLINK_JTAG_GetDeviceInfo(DeviceIndex = 0)  returns 0x00 (0000ms, 0032ms total)
TDB715700 000:032 JLINK_GetDeviceFamily()  returns 14 (0000ms, 0032ms total)
TDB715700 000:032 JLINK_GetDeviceFamily()  returns 14 (0000ms, 0032ms total)
TDB715700 000:032 JLINK_GetDeviceFamily()  returns 14 (0000ms, 0032ms total)
TDB715700 000:032 JLINK_GetDeviceFamily()  returns 14 (0000ms, 0032ms total)
TDB715700 000:032 JLINK_GetDeviceFamily()  returns 14 (0000ms, 0032ms total)
TDB715700 000:032 JLINK_SetSpeed(100) (0000ms, 0032ms total)
TDB715700 000:032 JLINK_GetHWStatus(...)  returns 0x00 (0000ms, 0032ms total)
TDB715700 000:032 JLINK_GetSpeedInfo() 48000000 Hz / n, n >= 4 (0001ms, 0033ms total)
TDB715700 000:033 JLINK_MeasureRTCKReactTime() (0001ms, 0034ms total)
TDB715700 000:034 JLINK_GetSpeed()  returns 0x64 (0000ms, 0034ms total)
TDB715700 012:628 JLINK_TIF_Select(JLINKARM_TIF_SWD)  returns 0x00 (0001ms, 0035ms total)
TDB715700 012:629 JLINK_JTAG_StoreRaw(..., 0x108 Bits)  returns 0x00 (0000ms, 0035ms total)
TDB715700 012:629 JLINK_JTAG_GetU32(BitPos = 227) >0x108 TIF>  returns 0x2BA01477 (0001ms, 0036ms total)
TDB715700 012:630 JLINK_JTAG_StoreRaw(..., 0x08 Bits)  returns 0x00 (0000ms, 0036ms total)
TDB715700 012:630 JLINK_JTAG_StoreRaw(..., 0x03 Bits)  returns 0x08 (0000ms, 0036ms total)
TDB715700 012:630 JLINK_JTAG_StoreRaw(..., 0x28 Bits)  returns 0x0B (0000ms, 0036ms total)
TDB715700 012:630 JLINK_JTAG_GetU8(BitPos = 8) >0x33 TIF>  returns 0xB9 (0001ms, 0037ms total)
TDB715700 012:631 JLINK_JTAG_GetU32(BitPos = 11)  returns 0x2BA01477 (0000ms, 0037ms total)
TDB715700 012:631 JLINK_JTAG_GetU8(BitPos = 43)  returns 0x02 (0000ms, 0037ms total)
TDB715700 012:631 JLINK_JTAG_StoreRaw(..., 0x08 Bits)  returns 0x00 (0000ms, 0037ms total)
TDB715700 012:631 JLINK_JTAG_StoreRaw(..., 0x03 Bits)  returns 0x08 (0000ms, 0037ms total)
TDB715700 012:631 JLINK_JTAG_StoreRaw(..., 0x28 Bits)  returns 0x0B (0000ms, 0037ms total)
TDB715700 012:631 JLINK_JTAG_GetU8(BitPos = 8) >0x33 TIF>  returns 0x01 (0000ms, 0037ms total)
TDB715700 012:631 JLINK_JTAG_GetU32(BitPos = 11)  returns 0x00000000 (0000ms, 0037ms total)
TDB715700 012:631 JLINK_JTAG_GetU8(BitPos = 43)  returns 0x02 (0001ms, 0038ms total)
TDB715700 012:632 JLINK_JTAG_StoreRaw(..., 0x08 Bits)  returns 0x00 (0000ms, 0038ms total)
TDB715700 012:632 JLINK_JTAG_StoreRaw(..., 0x03 Bits)  returns 0x08 (0000ms, 0038ms total)
TDB715700 012:632 JLINK_JTAG_StoreRaw(..., 0x02 Bits)  returns 0x0B (0000ms, 0038ms total)
TDB715700 012:632 JLINK_JTAG_StoreRaw(..., 0x28 Bits)  returns 0x0D (0000ms, 0038ms total)
TDB715700 012:632 JLINK_JTAG_GetU8(BitPos = 8) >0x35 TIF>  returns 0x39 (0000ms, 0038ms total)
TDB715700 012:632 JLINK_JTAG_StoreRaw(..., 0x08 Bits)  returns 0x00 (0000ms, 0038ms total)
TDB715700 012:632 JLINK_JTAG_StoreRaw(..., 0x03 Bits)  returns 0x08 (0000ms, 0038ms total)
TDB715700 012:632 JLINK_JTAG_StoreRaw(..., 0x28 Bits)  returns 0x0B (0000ms, 0038ms total)
TDB715700 012:632 JLINK_JTAG_GetU8(BitPos = 8) >0x33 TIF>  returns 0x09 (0001ms, 0039ms total)
TDB715700 012:633 JLINK_JTAG_GetU32(BitPos = 11)  returns 0xF0000001 (0000ms, 0039ms total)
TDB715700 012:633 JLINK_JTAG_GetU8(BitPos = 43)  returns 0x03 (0000ms, 0039ms total)
TDB715700 012:633 JLINK_ClrRESET() (0000ms, 0039ms total)
TDB715700 012:683 JLINK_JTAG_StoreRaw(..., 0x08 Bits)  returns 0x00 (0000ms, 0039ms total)
TDB715700 012:683 JLINK_JTAG_StoreRaw(..., 0x03 Bits)  returns 0x08 (0000ms, 0039ms total)
TDB715700 012:683 JLINK_JTAG_StoreRaw(..., 0x02 Bits)  returns 0x0B (0000ms, 0039ms total)
TDB715700 012:683 JLINK_JTAG_StoreRaw(..., 0x28 Bits)  returns 0x0D (0000ms, 0039ms total)
TDB715700 012:683 JLINK_JTAG_GetU8(BitPos = 8) >0x35 TIF>  returns 0xD9 (0001ms, 0040ms total)
TDB715700 012:684 JLINK_JTAG_StoreRaw(..., 0x08 Bits)  returns 0x00 (0000ms, 0040ms total)
TDB715700 012:684 JLINK_JTAG_StoreRaw(..., 0x03 Bits)  returns 0x08 (0000ms, 0040ms total)
TDB715700 012:684 JLINK_JTAG_StoreRaw(..., 0x02 Bits)  returns 0x0B (0000ms, 0040ms total)
TDB715700 012:684 JLINK_JTAG_StoreRaw(..., 0x28 Bits)  returns 0x0D (0000ms, 0040ms total)
TDB715700 012:684 JLINK_JTAG_GetU8(BitPos = 8) >0x35 TIF>  returns 0x19 (0000ms, 0040ms total)
TDB715700 012:684 JLINK_JTAG_StoreRaw(..., 0x08 Bits)  returns 0x00 (0000ms, 0040ms total)
TDB715700 012:684 JLINK_JTAG_StoreRaw(..., 0x03 Bits)  returns 0x08 (0000ms, 0040ms total)
TDB715700 012:684 JLINK_JTAG_StoreRaw(..., 0x28 Bits)  returns 0x0B (0000ms, 0040ms total)
TDB715700 012:684 JLINK_JTAG_GetU8(BitPos = 8) >0x33 TIF>  returns 0x01 (0001ms, 0041ms total)
TDB715700 012:685 JLINK_JTAG_GetU32(BitPos = 11)  returns 0x00000000 (0000ms, 0041ms total)
TDB715700 012:685 JLINK_JTAG_GetU8(BitPos = 43)  returns 0x02 (0000ms, 0041ms total)
TDB715700 012:685 JLINK_JTAG_StoreRaw(..., 0x08 Bits)  returns 0x00 (0000ms, 0041ms total)
TDB715700 012:685 JLINK_JTAG_StoreRaw(..., 0x03 Bits)  returns 0x08 (0000ms, 0041ms total)
TDB715700 012:685 JLINK_JTAG_StoreRaw(..., 0x28 Bits)  returns 0x0B (0000ms, 0041ms total)
TDB715700 012:685 JLINK_JTAG_GetU8(BitPos = 8) >0x33 TIF>  returns 0xD1 (0001ms, 0042ms total)
TDB715700 012:686 JLINK_JTAG_GetU32(BitPos = 11)  returns 0x0000003A (0000ms, 0042ms total)
TDB715700 012:686 JLINK_JTAG_GetU8(BitPos = 43)  returns 0x02 (0000ms, 0042ms total)
TDB715700 012:686 JLINK_JTAG_StoreRaw(..., 0x08 Bits)  returns 0x00 (0000ms, 0042ms total)
TDB715700 012:686 JLINK_JTAG_StoreRaw(..., 0x03 Bits)  returns 0x08 (0000ms, 0042ms total)
TDB715700 012:686 JLINK_JTAG_StoreRaw(..., 0x02 Bits)  returns 0x0B (0000ms, 0042ms total)
TDB715700 012:686 JLINK_JTAG_StoreRaw(..., 0x28 Bits)  returns 0x0D (0000ms, 0042ms total)
TDB715700 012:686 JLINK_JTAG_GetU8(BitPos = 8) >0x35 TIF>  returns 0x39 (0000ms, 0042ms total)
TDB715700 012:686 JLINK_JTAG_StoreRaw(..., 0x08 Bits)  returns 0x00 (0000ms, 0042ms total)
TDB715700 012:686 JLINK_JTAG_StoreRaw(..., 0x03 Bits)  returns 0x08 (0000ms, 0042ms total)
TDB715700 012:686 JLINK_JTAG_StoreRaw(..., 0x28 Bits)  returns 0x0B (0000ms, 0042ms total)
TDB715700 012:686 JLINK_JTAG_GetU8(BitPos = 8) >0x33 TIF>  returns 0xD1 (0001ms, 0043ms total)
TDB715700 012:687 JLINK_JTAG_GetU32(BitPos = 11)  returns 0x0000003A (0000ms, 0043ms total)
TDB715700 012:687 JLINK_JTAG_GetU8(BitPos = 43)  returns 0x02 (0000ms, 0043ms total)
TDB715700 012:687 JLINK_JTAG_StoreRaw(..., 0x08 Bits)  returns 0x00 (0000ms, 0043ms total)
TDB715700 012:687 JLINK_JTAG_StoreRaw(..., 0x03 Bits)  returns 0x08 (0000ms, 0043ms total)
TDB715700 012:687 JLINK_JTAG_StoreRaw(..., 0x28 Bits)  returns 0x0B (0000ms, 0043ms total)
TDB715700 012:687 JLINK_JTAG_GetU8(BitPos = 8) >0x33 TIF>  returns 0x99 (0001ms, 0044ms total)
TDB715700 012:688 JLINK_JTAG_GetU32(BitPos = 11)  returns 0x00000033 (0000ms, 0044ms total)
TDB715700 012:688 JLINK_JTAG_GetU8(BitPos = 43)  returns 0x02 (0000ms, 0044ms total)
TDB715700 012:688 JLINK_JTAG_StoreRaw(..., 0x08 Bits)  returns 0x00 (0000ms, 0044ms total)
TDB715700 012:688 JLINK_JTAG_StoreRaw(..., 0x03 Bits)  returns 0x08 (0000ms, 0044ms total)
TDB715700 012:688 JLINK_JTAG_StoreRaw(..., 0x28 Bits)  returns 0x0B (0000ms, 0044ms total)
TDB715700 012:688 JLINK_JTAG_GetU8(BitPos = 8) >0x33 TIF>  returns 0x99 (0000ms, 0044ms total)
TDB715700 012:688 JLINK_JTAG_GetU32(BitPos = 11)  returns 0x00000033 (0000ms, 0044ms total)
TDB715700 012:688 JLINK_JTAG_GetU8(BitPos = 43)  returns 0x02 (0000ms, 0044ms total)
TDB715700 012:688 JLINK_JTAG_StoreRaw(..., 0x08 Bits)  returns 0x00 (0000ms, 0044ms total)
TDB715700 012:688 JLINK_JTAG_StoreRaw(..., 0x03 Bits)  returns 0x08 (0000ms, 0044ms total)
TDB715700 012:688 JLINK_JTAG_StoreRaw(..., 0x28 Bits)  returns 0x0B (0000ms, 0044ms total)
TDB715700 012:688 JLINK_JTAG_GetU8(BitPos = 8) >0x33 TIF>  returns 0x01 (0001ms, 0045ms total)
TDB715700 012:689 JLINK_JTAG_GetU32(BitPos = 11)  returns 0x00000000 (0000ms, 0045ms total)
TDB715700 012:689 JLINK_JTAG_GetU8(BitPos = 43)  returns 0x02 (0000ms, 0045ms total)
TDB715700 012:689 JLINK_SetRESET() (0000ms, 0045ms total)
TDB715700 066:535 JLINK_Close() (0001ms, 0046ms total)
TDB715700 066:535  (0001ms, 0046ms total)
TDB715700 066:535 Closed (0001ms, 0046ms total)
